Arguments: 
  C:\Program Files\nodejs\node.exe C:\Users\ha.nguyen\AppData\Roaming\npm\node_modules\yarn\bin\yarn.js add json-server

PATH: 
  C:\Windows\system32;C:\Windows;C:\Windows\System32\Wbem;C:\Windows\System32\WindowsPowerShell\v1.0\;C:\Windows\System32\OpenSSH\;C:\Program Files\Git\cmd;C:\Program Files\nodejs\;C:\Users\ha.nguyen\AppData\Local\Microsoft\WindowsApps;;C:\Users\ha.nguyen\AppData\Local\Programs\Microsoft VS Code\bin;C:\Users\ha.nguyen\AppData\Roaming\npm

Yarn version: 
  1.22.18

Node version: 
  16.10.0

Platform: 
  win32 x64

Trace: 
  Error: https://registry.yarnpkg.com/@fortawesome%2fpro-light-svg-icons: Not found
      at Request.params.callback [as _callback] (C:\Users\ha.nguyen\AppData\Roaming\npm\node_modules\yarn\lib\cli.js:66138:18)
      at Request.self.callback (C:\Users\ha.nguyen\AppData\Roaming\npm\node_modules\yarn\lib\cli.js:140883:22)
      at Request.emit (node:events:390:28)
      at Request.<anonymous> (C:\Users\ha.nguyen\AppData\Roaming\npm\node_modules\yarn\lib\cli.js:141855:10)
      at Request.emit (node:events:390:28)
      at IncomingMessage.<anonymous> (C:\Users\ha.nguyen\AppData\Roaming\npm\node_modules\yarn\lib\cli.js:141777:12)
      at Object.onceWrapper (node:events:509:28)
      at IncomingMessage.emit (node:events:402:35)
      at endReadableNT (node:internal/streams/readable:1343:12)
      at processTicksAndRejections (node:internal/process/task_queues:83:21)

npm manifest: 
  {
    "name": "my-app",
    "version": "0.0.0",
    "scripts": {
      "ng": "ng",
      "start": "ng serve",
      "build": "ng build",
      "watch": "ng build --watch --configuration development",
      "test": "ng test"
    },
    "private": true,
    "dependencies": {
      "@angular/animations": "~13.3.0",
      "@angular/common": "~13.3.0",
      "@angular/compiler": "~13.3.0",
      "@angular/core": "~13.3.0",
      "@angular/forms": "~13.3.0",
      "@angular/platform-browser": "~13.3.0",
      "@angular/platform-browser-dynamic": "~13.3.0",
      "@angular/router": "~13.3.0",
      "@fortawesome/angular-fontawesome": "^0.10.2",
      "@fortawesome/fontawesome-svg-core": "^6.1.0",
      "@fortawesome/free-brands-svg-icons": "^6.1.0",
      "@fortawesome/free-regular-svg-icons": "^6.1.0",
      "@fortawesome/free-solid-svg-icons": "^6.1.0",
      "@fortawesome/pro-light-svg-icons": "^6.1.0",
      "rxjs": "~7.5.0",
      "stream": "^0.0.2",
      "tslib": "^2.3.0",
      "zone.js": "~0.11.4"
    },
    "devDependencies": {
      "@angular-devkit/build-angular": "~13.3.5",
      "@angular/cli": "~13.3.5",
      "@angular/compiler-cli": "~13.3.0",
      "@types/jasmine": "~3.10.0",
      "@types/node": "^12.11.1",
      "jasmine-core": "~4.0.0",
      "karma": "~6.3.0",
      "karma-chrome-launcher": "~3.1.0",
      "karma-coverage": "~2.1.0",
      "karma-jasmine": "~4.0.0",
      "karma-jasmine-html-reporter": "~1.7.0",
      "typescript": "~4.6.2"
    }
  }

yarn manifest: 
  No manifest

Lockfile: 
  No lockfile
